Mon May 05 13:12:42 2014				Page     1


 
Update Symbols/Modules Logfile
	Mon May 05 13:12:42 2014

------ Module Refresh Messages ------

SUMMARY:    Updated 0 out of 0 modules

------ End Module Messages     ------



(---------------------------------------------------------------------)
(                                                                     )
(    Refresh Symbol                                                   )
(                                                                     )
(    Drawing          : Board_V_1_0.brd                               )
(    Software Version : 16.6S025                                      )
(    Date/Time        : Mon May 05 13:12:42 2014                      )
(                                                                     )
(---------------------------------------------------------------------)


Mon May 05 13:12:42 2014				Page     1


------ Symbol Refresh Directives ------

Input design = 'C:/USERS/DAN/DOCUMENTS/GITHUB/SCHN0RCHLI/PCB_DESIGNER/BOARDS/Board_V_1_0.brd'
Output design = ''
Update mechanical symbols = 'NO'
Update format symbols = 'NO'
Update package symbols = 'NO'
Update shape/flash symbols = 'NO'
Update symbol padstacks = 'NO'
Reset symbol text and size locations = 'NO'
Reset Pin Escapes (fanouts) = 'NO'
Ripup Etch = 'NO'
Reset custom drill data = 'NO'
Symbol list file = 'C:/Users/Dan/AppData/Local/Temp/#Taaaaad06484.tmp'


------ Library Paths ------
PSMPATH =  . 
           symbols 
           .. 
           ../symbols 
           C:/Cadence/SPB_16.6/share/local/pcb/symbols 
           C:/Cadence/SPB_16.6/share/pcb/pcb_lib/symbols 
           C:/Cadence/SPB_16.6/share/pcb/allegrolib/symbols 
           C:/Users/Dan/Documents/GitHub/schn0rchli/PCB_Designer/Symbols/ 

PADPATH =  . 
           symbols 
           .. 
           ../symbols 
           C:/Cadence/SPB_16.6/share/local/pcb/padstacks 
           C:/Cadence/SPB_16.6/share/pcb/pcb_lib/symbols 
           C:/Cadence/SPB_16.6/share/pcb/allegrolib/symbols 
           C:/Users/Dan/Documents/FilterBoardStromkoffer/ 
           C:/Users/Dan/Documents/GitHub/schn0rchli/PCB_Designer/Pads/ 


------ Symbol Refresh Messages ------

'DISPLAY'  symbol refreshed successfully.


----- Symbol Update Summary ----

Updated symbols: 1 out 1
    Design updated.

